c:\users\cse\desktop\packetsender_ue_distribution_191118\packetsender\debug\packetsender.pch
c:\users\cse\desktop\packetsender_ue_distribution_191118\packetsender\debug\vc140.pdb
c:\users\cse\desktop\packetsender_ue_distribution_191118\packetsender\debug\vc140.idb
c:\users\cse\desktop\packetsender_ue_distribution_191118\packetsender\debug\stdafx.obj
c:\users\cse\desktop\packetsender_ue_distribution_191118\packetsender\debug\baselayer.obj
c:\users\cse\desktop\packetsender_ue_distribution_191118\packetsender\debug\iplayer.obj
c:\users\cse\desktop\packetsender_ue_distribution_191118\packetsender\debug\layermanager.obj
c:\users\cse\desktop\packetsender_ue_distribution_191118\packetsender\debug\linklayer.obj
c:\users\cse\desktop\packetsender_ue_distribution_191118\packetsender\debug\nilayer.obj
c:\users\cse\desktop\packetsender_ue_distribution_191118\packetsender\debug\packetsender.obj
c:\users\cse\desktop\packetsender_ue_distribution_191118\packetsender\debug\packetsenderdlg.obj
c:\users\cse\desktop\packetsender_ue_distribution_191118\packetsender\debug\s1aplayer.obj
c:\users\cse\desktop\packetsender_ue_distribution_191118\packetsender\debug\sctplayer.obj
c:\users\cse\desktop\packetsender_ue_distribution_191118\packetsender\debug\packetsender.ilk
c:\users\cse\desktop\packetsender_ue_distribution_191118\packetsender\debug\packetsender.exe
c:\users\cse\desktop\packetsender_ue_distribution_191118\packetsender\debug\packetsender.pdb
c:\users\cse\desktop\packetsender_ue_distribution_191118\packetsender\debug\packetsender.res
c:\users\cse\desktop\packetsender_ue_distribution_191118\packetsender\debug\packetsender.tlog\cl.command.1.tlog
c:\users\cse\desktop\packetsender_ue_distribution_191118\packetsender\debug\packetsender.tlog\cl.read.1.tlog
c:\users\cse\desktop\packetsender_ue_distribution_191118\packetsender\debug\packetsender.tlog\cl.write.1.tlog
c:\users\cse\desktop\packetsender_ue_distribution_191118\packetsender\debug\packetsender.tlog\link.command.1.tlog
c:\users\cse\desktop\packetsender_ue_distribution_191118\packetsender\debug\packetsender.tlog\link.read.1.tlog
c:\users\cse\desktop\packetsender_ue_distribution_191118\packetsender\debug\packetsender.tlog\link.write.1.tlog
c:\users\cse\desktop\packetsender_ue_distribution_191118\packetsender\debug\packetsender.tlog\rc.command.1.tlog
c:\users\cse\desktop\packetsender_ue_distribution_191118\packetsender\debug\packetsender.tlog\rc.read.1.tlog
c:\users\cse\desktop\packetsender_ue_distribution_191118\packetsender\debug\packetsender.tlog\rc.write.1.tlog
