  stdafx.cpp
C:\Program Files (x86)\Microsoft Visual Studio 14.0\VC\atlmfc\include\afx.h(38): warning C4996: 'MBCS_Support_Deprecated_In_MFC': MBCS support in MFC is deprecated and may be removed in a future version of MFC.
  C:\Program Files (x86)\Microsoft Visual Studio 14.0\VC\atlmfc\include\afx.h(33): note: 'MBCS_Support_Deprecated_In_MFC' 선언을 참조하십시오.
  _WIN32_WINNT not defined. Defaulting to _WIN32_WINNT_MAXVER (see WinSDKVer.h)
  SCTPLayer.cpp
  S1APLayer.cpp
  PacketSenderDlg.cpp
  PacketSender.cpp
  NILayer.cpp
  LinkLayer.cpp
LinkLayer.cpp : warning C4819: 현재 코드 페이지(949)에서 표시할 수 없는 문자가 파일에 들어 있습니다. 데이터가 손실되지 않게 하려면 해당 파일을 유니코드 형식으로 저장하십시오.
  LayerManager.cpp
LayerManager.cpp(66): warning C4996: 'sscanf': This function or variable may be unsafe. Consider using sscanf_s instead. To disable deprecation, use _CRT_SECURE_NO_WARNINGS. See online help for details.
  C:\Program Files (x86)\Windows Kits\10\Include\10.0.10240.0\ucrt\stdio.h(2254): note: 'sscanf' 선언을 참조하십시오.
LayerManager.cpp(79): warning C4996: 'strcpy': This function or variable may be unsafe. Consider using strcpy_s instead. To disable deprecation, use _CRT_SECURE_NO_WARNINGS. See online help for details.
  C:\Program Files (x86)\Windows Kits\10\Include\10.0.10240.0\ucrt\string.h(119): note: 'strcpy' 선언을 참조하십시오.
  IPLayer.cpp
  BaseLayer.cpp
  코드를 생성하고 있습니다...
d:\과제1\lte_attach_7977\nilayer.cpp(262): warning C4172: 지역 변수 또는 임시: my_ipaddr의 주소를 반환하고 있습니다.
d:\과제1\lte_attach_7977\packetsenderdlg.cpp(481): warning C4172: 지역 변수 또는 임시: temp의 주소를 반환하고 있습니다.
d:\과제1\lte_attach_7977\packetsenderdlg.cpp(490): warning C4172: 지역 변수 또는 임시: temp의 주소를 반환하고 있습니다.
d:\과제1\lte_attach_7977\packetsenderdlg.cpp(473): warning C4172: 지역 변수 또는 임시: temp의 주소를 반환하고 있습니다.
d:\과제1\lte_attach_7977\packetsenderdlg.cpp(508): warning C4172: 지역 변수 또는 임시: temp의 주소를 반환하고 있습니다.
d:\과제1\lte_attach_7977\packetsenderdlg.cpp(499): warning C4172: 지역 변수 또는 임시: temp의 주소를 반환하고 있습니다.
d:\과제1\lte_attach_7977\packetsenderdlg.cpp(517): warning C4172: 지역 변수 또는 임시: temp의 주소를 반환하고 있습니다.
  LINK : D:\과제1\lte_attach_7977\Debug\PacketSender.exe을(를) 찾을 수 없거나 마지막 증분 링크에 의해 빌드되지 않았습니다. 전체 링크를 수행하고 있습니다.
  PacketSender.vcxproj -> D:\과제1\lte_attach_7977\Debug\PacketSender.exe
  PacketSender.vcxproj -> D:\과제1\lte_attach_7977\Debug\PacketSender.pdb (Full PDB)
